  FileCreator.cpp
D:\C++ folders\RogalskiProject\Project\FileCreator.cpp(36,56): warning C4244: '+=': conversion from '_Rep' to 'int', possible loss of data
          with
          [
              _Rep=__int64
          ]
D:\C++ folders\RogalskiProject\Project\FileCreator.cpp(42,52): warning C4244: '+=': conversion from '_Rep' to 'int', possible loss of data
          with
          [
              _Rep=__int64
          ]
D:\C++ folders\RogalskiProject\Project\FileCreator.cpp(45,61): warning C4267: 'argument': conversion from 'size_t' to 'int', possible loss of data
D:\C++ folders\RogalskiProject\Project\FileCreator.cpp(48,54): warning C4244: '+=': conversion from '_Rep' to 'int', possible loss of data
          with
          [
              _Rep=__int64
          ]
D:\C++ folders\RogalskiProject\Project\FileCreator.cpp(51,51): warning C4267: 'argument': conversion from 'size_t' to 'int', possible loss of data
D:\C++ folders\RogalskiProject\Project\FileCreator.cpp(54,54): warning C4244: '+=': conversion from '_Rep' to 'int', possible loss of data
          with
          [
              _Rep=__int64
          ]
  Project.vcxproj -> D:\C++ folders\RogalskiProject\Project\x64\Debug\Project.exe
